0 info it worked if it ends with ok
1 verbose cli [ 'C:\\Program Files\\nodejs\\node.exe',
1 verbose cli   'C:\\Program Files\\nodejs\\node_modules\\npm\\bin\\npm-cli.js',
1 verbose cli   'install',
1 verbose cli   'grunt-sass-convert',
1 verbose cli   '--save-dev' ]
2 info using npm@2.15.5
3 info using node@v4.4.5
4 verbose install initial load of E:\Nordea\Task\Git\package.json
5 warn package.json Nordea_Task@0.1.0 No description
6 warn package.json Nordea_Task@0.1.0 No repository field.
7 warn package.json Nordea_Task@0.1.0 No README data
8 warn package.json Nordea_Task@0.1.0 No license field.
9 verbose installManyTop reading scoped package data from E:\Nordea\Task\Git\node_modules\async\package.json
10 verbose installManyTop reading scoped package data from E:\Nordea\Task\Git\node_modules\csv-parser\package.json
11 verbose installManyTop reading scoped package data from E:\Nordea\Task\Git\node_modules\es6-promise\package.json
12 verbose installManyTop reading scoped package data from E:\Nordea\Task\Git\node_modules\fs-extra\package.json
13 verbose installManyTop reading scoped package data from E:\Nordea\Task\Git\node_modules\gm\package.json
14 verbose installManyTop reading scoped package data from E:\Nordea\Task\Git\node_modules\grunt\package.json
15 verbose installManyTop reading scoped package data from E:\Nordea\Task\Git\node_modules\grunt-contrib-clean\package.json
16 verbose installManyTop reading scoped package data from E:\Nordea\Task\Git\node_modules\grunt-contrib-concat\package.json
17 verbose installManyTop reading scoped package data from E:\Nordea\Task\Git\node_modules\grunt-contrib-connect\package.json
18 verbose installManyTop reading scoped package data from E:\Nordea\Task\Git\node_modules\grunt-contrib-copy\package.json
19 verbose installManyTop reading scoped package data from E:\Nordea\Task\Git\node_modules\grunt-contrib-jshint\package.json
20 verbose installManyTop reading scoped package data from E:\Nordea\Task\Git\node_modules\grunt-contrib-sass\package.json
21 verbose installManyTop reading scoped package data from E:\Nordea\Task\Git\node_modules\grunt-contrib-uglify\package.json
22 verbose installManyTop reading scoped package data from E:\Nordea\Task\Git\node_modules\grunt-contrib-watch\package.json
23 verbose installManyTop reading scoped package data from E:\Nordea\Task\Git\node_modules\grunt-ftpscript\package.json
24 verbose installManyTop reading scoped package data from E:\Nordea\Task\Git\node_modules\grunt-processhtml\package.json
25 verbose installManyTop reading scoped package data from E:\Nordea\Task\Git\node_modules\grunt-prompt\package.json
26 verbose installManyTop reading scoped package data from E:\Nordea\Task\Git\node_modules\grunt-zip-directories\package.json
27 verbose installManyTop reading scoped package data from E:\Nordea\Task\Git\node_modules\jshint-stylish\package.json
28 verbose installManyTop reading scoped package data from E:\Nordea\Task\Git\node_modules\node-resemble-js\package.json
29 verbose installManyTop reading scoped package data from E:\Nordea\Task\Git\node_modules\object.assign\package.json
30 verbose installManyTop reading scoped package data from E:\Nordea\Task\Git\node_modules\pdfkit\package.json
31 verbose installManyTop reading scoped package data from E:\Nordea\Task\Git\node_modules\request\package.json
32 verbose installManyTop reading scoped package data from E:\Nordea\Task\Git\node_modules\selenium-standalone\package.json
33 verbose installManyTop reading scoped package data from E:\Nordea\Task\Git\node_modules\simplecrawler\package.json
34 verbose installManyTop reading scoped package data from E:\Nordea\Task\Git\node_modules\webdriverio\package.json
35 info package.json grunt-ftpscript@0.1.7 No license field.
36 info package.json grunt-contrib-clean@0.6.0 No license field.
37 info package.json grunt-contrib-watch@0.6.1 No license field.
38 info package.json grunt-processhtml@0.3.13 No license field.
39 info package.json grunt-zip-directories@0.1.3 license should be a valid SPDX license expression
40 info package.json pdfkit@0.7.2 No license field.
41 info package.json webdriverio@3.4.0 No license field.
42 verbose readDependencies loading dependencies from E:\Nordea\Task\Git\package.json
43 silly cache add args [ 'grunt-sass-convert', null ]
44 verbose cache add spec grunt-sass-convert
45 silly cache add parsed spec Result {
45 silly cache add   raw: 'grunt-sass-convert',
45 silly cache add   scope: null,
45 silly cache add   name: 'grunt-sass-convert',
45 silly cache add   rawSpec: '',
45 silly cache add   spec: 'latest',
45 silly cache add   type: 'tag' }
46 silly addNamed grunt-sass-convert@latest
47 verbose addNamed "latest" is being treated as a dist-tag for grunt-sass-convert
48 info addNameTag [ 'grunt-sass-convert', 'latest' ]
49 silly mapToRegistry name grunt-sass-convert
50 silly mapToRegistry using default registry
51 silly mapToRegistry registry https://registry.npmjs.org/
52 silly mapToRegistry data Result {
52 silly mapToRegistry   raw: 'grunt-sass-convert',
52 silly mapToRegistry   scope: null,
52 silly mapToRegistry   name: 'grunt-sass-convert',
52 silly mapToRegistry   rawSpec: '',
52 silly mapToRegistry   spec: 'latest',
52 silly mapToRegistry   type: 'tag' }
53 silly mapToRegistry uri https://registry.npmjs.org/grunt-sass-convert
54 verbose addNameTag registry:https://registry.npmjs.org/grunt-sass-convert not in flight; fetching
55 verbose request uri https://registry.npmjs.org/grunt-sass-convert
56 verbose request no auth needed
57 info attempt registry request try #1 at 2:08:47 AM
58 verbose request id cbb384abdcd816a8
59 http request GET https://registry.npmjs.org/grunt-sass-convert
60 http 200 https://registry.npmjs.org/grunt-sass-convert
61 verbose headers { server: 'CouchDB/1.5.0 (Erlang OTP/R16B03)',
61 verbose headers   etag: '"OUJLYU87EIW0RA662E2MMOA1"',
61 verbose headers   'content-type': 'application/json',
61 verbose headers   'content-encoding': 'gzip',
61 verbose headers   'cache-control': 'max-age=300',
61 verbose headers   'content-length': '2725',
61 verbose headers   'accept-ranges': 'bytes',
61 verbose headers   date: 'Tue, 24 May 2016 20:38:53 GMT',
61 verbose headers   via: '1.1 varnish',
61 verbose headers   age: '0',
61 verbose headers   connection: 'keep-alive',
61 verbose headers   'x-served-by': 'cache-fra1244-FRA',
61 verbose headers   'x-cache': 'MISS',
61 verbose headers   'x-cache-hits': '0',
61 verbose headers   'x-timer': 'S1464122332.410065,VS0,VE767',
61 verbose headers   vary: 'Accept-Encoding' }
62 silly get cb [ 200,
62 silly get   { server: 'CouchDB/1.5.0 (Erlang OTP/R16B03)',
62 silly get     etag: '"OUJLYU87EIW0RA662E2MMOA1"',
62 silly get     'content-type': 'application/json',
62 silly get     'content-encoding': 'gzip',
62 silly get     'cache-control': 'max-age=300',
62 silly get     'content-length': '2725',
62 silly get     'accept-ranges': 'bytes',
62 silly get     date: 'Tue, 24 May 2016 20:38:53 GMT',
62 silly get     via: '1.1 varnish',
62 silly get     age: '0',
62 silly get     connection: 'keep-alive',
62 silly get     'x-served-by': 'cache-fra1244-FRA',
62 silly get     'x-cache': 'MISS',
62 silly get     'x-cache-hits': '0',
62 silly get     'x-timer': 'S1464122332.410065,VS0,VE767',
62 silly get     vary: 'Accept-Encoding' } ]
63 verbose get saving grunt-sass-convert to C:\Documents and Settings\Ntraja\Application Data\npm-cache\registry.npmjs.org\grunt-sass-convert\.cache.json
64 verbose correctMkdir C:\Documents and Settings\Ntraja\Application Data\npm-cache correctMkdir not in flight; initializing
65 silly addNameTag next cb for grunt-sass-convert with tag latest
66 silly addNamed grunt-sass-convert@0.3.0
67 verbose addNamed "0.3.0" is a plain semver version for grunt-sass-convert
68 silly mapToRegistry name grunt-sass-convert
69 silly mapToRegistry using default registry
70 silly mapToRegistry registry https://registry.npmjs.org/
71 silly mapToRegistry data Result {
71 silly mapToRegistry   raw: 'grunt-sass-convert',
71 silly mapToRegistry   scope: null,
71 silly mapToRegistry   name: 'grunt-sass-convert',
71 silly mapToRegistry   rawSpec: '',
71 silly mapToRegistry   spec: 'latest',
71 silly mapToRegistry   type: 'tag' }
72 silly mapToRegistry uri https://registry.npmjs.org/grunt-sass-convert
73 verbose addRemoteTarball https://registry.npmjs.org/grunt-sass-convert/-/grunt-sass-convert-0.3.0.tgz not in flight; adding
74 verbose addRemoteTarball [ 'https://registry.npmjs.org/grunt-sass-convert/-/grunt-sass-convert-0.3.0.tgz',
74 verbose addRemoteTarball   'bac0e3742ee25988cb9975365ed4dc1b91d9b316' ]
75 info retry fetch attempt 1 at 2:08:48 AM
76 info attempt registry request try #1 at 2:08:48 AM
77 http fetch GET https://registry.npmjs.org/grunt-sass-convert/-/grunt-sass-convert-0.3.0.tgz
78 http fetch 200 https://registry.npmjs.org/grunt-sass-convert/-/grunt-sass-convert-0.3.0.tgz
79 silly fetchAndShaCheck shasum bac0e3742ee25988cb9975365ed4dc1b91d9b316
80 verbose addTmpTarball C:\DOCUME~1\Ntraja\LOCALS~1\Temp\npm-2944-021863d5\registry.npmjs.org\grunt-sass-convert\-\grunt-sass-convert-0.3.0.tgz not in flight; adding
81 verbose addTmpTarball already have metadata; skipping unpack for grunt-sass-convert@0.3.0
82 verbose correctMkdir C:\Documents and Settings\Ntraja\Application Data\npm-cache correctMkdir not in flight; initializing
83 silly cache afterAdd grunt-sass-convert@0.3.0
84 verbose afterAdd C:\Documents and Settings\Ntraja\Application Data\npm-cache\grunt-sass-convert\0.3.0\package\package.json not in flight; writing
85 verbose correctMkdir C:\Documents and Settings\Ntraja\Application Data\npm-cache correctMkdir not in flight; initializing
86 verbose afterAdd C:\Documents and Settings\Ntraja\Application Data\npm-cache\grunt-sass-convert\0.3.0\package\package.json written
87 silly install resolved [ { name: 'grunt-sass-convert',
87 silly install resolved     description: 'run sass-convert with grunt',
87 silly install resolved     version: '0.3.0',
87 silly install resolved     homepage: 'http://memolog.org/',
87 silly install resolved     author:
87 silly install resolved      { name: 'Yutaka Yamaguchi',
87 silly install resolved        email: 'yutaka.yamaguchi@gmail.com' },
87 silly install resolved     repository:
87 silly install resolved      { type: 'git',
87 silly install resolved        url: 'git+ssh://git@github.com/memolog/grunt-sass-convert.git' },
87 silly install resolved     bugs: { url: 'https://github.com/memolog/grunt-sass-convert/issues' },
87 silly install resolved     licenses: [ [Object] ],
87 silly install resolved     main: 'Gruntfile.js',
87 silly install resolved     engines: { node: '>= 0.8.0' },
87 silly install resolved     devDependencies: { grunt: '~0.4.1' },
87 silly install resolved     peerDependencies: { grunt: '>=0.4.0' },
87 silly install resolved     keywords: [ 'gruntplugin' ],
87 silly install resolved     gitHead: 'a2ad4aa850b9f9ca191450f433f616669a286bc0',
87 silly install resolved     _id: 'grunt-sass-convert@0.3.0',
87 silly install resolved     scripts: {},
87 silly install resolved     _shasum: 'bac0e3742ee25988cb9975365ed4dc1b91d9b316',
87 silly install resolved     _from: 'grunt-sass-convert@latest',
87 silly install resolved     _npmVersion: '3.5.3',
87 silly install resolved     _nodeVersion: '5.3.0',
87 silly install resolved     _npmUser: { name: 'memolog', email: 'yutaka.yamaguchi@gmail.com' },
87 silly install resolved     maintainers: [ [Object] ],
87 silly install resolved     dist:
87 silly install resolved      { shasum: 'bac0e3742ee25988cb9975365ed4dc1b91d9b316',
87 silly install resolved        tarball: 'https://registry.npmjs.org/grunt-sass-convert/-/grunt-sass-convert-0.3.0.tgz' },
87 silly install resolved     _npmOperationalInternal:
87 silly install resolved      { host: 'packages-9-west.internal.npmjs.com',
87 silly install resolved        tmp: 'tmp/grunt-sass-convert-0.3.0.tgz_1456083186120_0.37898780987598' },
87 silly install resolved     directories: {},
87 silly install resolved     _resolved: 'https://registry.npmjs.org/grunt-sass-convert/-/grunt-sass-convert-0.3.0.tgz' } ]
88 info install grunt-sass-convert@0.3.0 into E:\Nordea\Task\Git
89 info installOne grunt-sass-convert@0.3.0
90 verbose installOne of grunt-sass-convert to E:\Nordea\Task\Git not in flight; installing
91 verbose correctMkdir C:\Documents and Settings\Ntraja\Application Data\npm-cache\_locks correctMkdir not in flight; initializing
92 verbose lock using C:\Documents and Settings\Ntraja\Application Data\npm-cache\_locks\grunt-sass-convert-052b364da5a4f86b.lock for E:\Nordea\Task\Git\node_modules\grunt-sass-convert
93 silly install write writing grunt-sass-convert 0.3.0 to E:\Nordea\Task\Git\node_modules\grunt-sass-convert
94 verbose unbuild node_modules\grunt-sass-convert
95 silly gentlyRm E:\Nordea\Task\Git\node_modules\grunt-sass-convert is being purged from base E:\Nordea\Task\Git
96 verbose gentlyRm don't care about contents; nuking E:\Nordea\Task\Git\node_modules\grunt-sass-convert
97 verbose tar unpack C:\Documents and Settings\Ntraja\Application Data\npm-cache\grunt-sass-convert\0.3.0\package.tgz
98 verbose tar unpacking to E:\Nordea\Task\Git\node_modules\grunt-sass-convert
99 silly gentlyRm E:\Nordea\Task\Git\node_modules\grunt-sass-convert is being purged
100 verbose gentlyRm don't care about contents; nuking E:\Nordea\Task\Git\node_modules\grunt-sass-convert
101 silly gunzTarPerm modes [ '777', '666' ]
102 silly gunzTarPerm extractEntry package.json
103 silly gunzTarPerm modified mode [ 'package.json', 420, 438 ]
104 silly gunzTarPerm extractEntry .npmignore
105 silly gunzTarPerm modified mode [ '.npmignore', 420, 438 ]
106 silly gunzTarPerm extractEntry README.md
107 silly gunzTarPerm modified mode [ 'README.md', 420, 438 ]
108 silly gunzTarPerm extractEntry Gruntfile.js
109 silly gunzTarPerm modified mode [ 'Gruntfile.js', 420, 438 ]
110 silly gunzTarPerm extractEntry LICENSE-MIT
111 silly gunzTarPerm modified mode [ 'LICENSE-MIT', 420, 438 ]
112 silly gunzTarPerm extractEntry tasks/sass-convert.js
113 silly gunzTarPerm modified mode [ 'tasks/sass-convert.js', 420, 438 ]
114 verbose write writing to E:\Nordea\Task\Git\node_modules\grunt-sass-convert\package.json
115 info preinstall grunt-sass-convert@0.3.0
116 verbose readDependencies loading dependencies from E:\Nordea\Task\Git\node_modules\grunt-sass-convert\package.json
117 verbose readDependencies loading dependencies from E:\Nordea\Task\Git\node_modules\grunt-sass-convert\package.json
118 silly install resolved []
119 verbose about to build E:\Nordea\Task\Git\node_modules\grunt-sass-convert
120 info build E:\Nordea\Task\Git\node_modules\grunt-sass-convert
121 info linkStuff grunt-sass-convert@0.3.0
122 silly linkStuff grunt-sass-convert@0.3.0 has E:\Nordea\Task\Git\node_modules as its parent node_modules
123 verbose linkBins grunt-sass-convert@0.3.0
124 verbose linkMans grunt-sass-convert@0.3.0
125 verbose rebuildBundles grunt-sass-convert@0.3.0
126 info install grunt-sass-convert@0.3.0
127 info postinstall grunt-sass-convert@0.3.0
128 verbose unlock done using C:\Documents and Settings\Ntraja\Application Data\npm-cache\_locks\grunt-sass-convert-052b364da5a4f86b.lock for E:\Nordea\Task\Git\node_modules\grunt-sass-convert
129 verbose validateInstall loading E:\Nordea\Task\Git\package.json for validation
130 verbose stack Error: The package grunt@1.0.1 does not satisfy its siblings' peerDependencies requirements!
130 verbose stack     at C:\Program Files\nodejs\node_modules\npm\lib\install.js:125:32
130 verbose stack     at C:\Program Files\nodejs\node_modules\npm\lib\install.js:268:7
130 verbose stack     at C:\Program Files\nodejs\node_modules\npm\node_modules\read-installed\read-installed.js:142:5
130 verbose stack     at C:\Program Files\nodejs\node_modules\npm\node_modules\read-installed\read-installed.js:263:14
130 verbose stack     at cb (C:\Program Files\nodejs\node_modules\npm\node_modules\slide\lib\async-map.js:47:24)
130 verbose stack     at C:\Program Files\nodejs\node_modules\npm\node_modules\read-installed\read-installed.js:263:14
130 verbose stack     at cb (C:\Program Files\nodejs\node_modules\npm\node_modules\slide\lib\async-map.js:47:24)
130 verbose stack     at C:\Program Files\nodejs\node_modules\npm\node_modules\read-installed\read-installed.js:263:14
130 verbose stack     at cb (C:\Program Files\nodejs\node_modules\npm\node_modules\slide\lib\async-map.js:47:24)
130 verbose stack     at C:\Program Files\nodejs\node_modules\npm\node_modules\read-installed\read-installed.js:263:14
131 verbose cwd E:\Nordea\Task\Git
132 error Windows_NT 5.1.2600
133 error argv "C:\\Program Files\\nodejs\\node.exe" "C:\\Program Files\\nodejs\\node_modules\\npm\\bin\\npm-cli.js" "install" "grunt-sass-convert" "--save-dev"
134 error node v4.4.5
135 error npm  v2.15.5
136 error code EPEERINVALID
137 error peerinvalid The package grunt@1.0.1 does not satisfy its siblings' peerDependencies requirements!
137 error peerinvalid Peer grunt-sass-convert@0.3.0 wants grunt@>=0.4.0
137 error peerinvalid Peer grunt-ftpscript@0.1.7 wants grunt@~0.4.1
137 error peerinvalid Peer grunt-contrib-clean@0.6.0 wants grunt@~0.4.0
137 error peerinvalid Peer grunt-processhtml@0.3.13 wants grunt@>=0.4.x
137 error peerinvalid Peer grunt-contrib-sass@1.0.0 wants grunt@>=0.4.0
137 error peerinvalid Peer grunt-contrib-concat@1.0.1 wants grunt@>=0.4.0
137 error peerinvalid Peer grunt-contrib-copy@0.8.2 wants grunt@>=0.4.0
137 error peerinvalid Peer grunt-contrib-connect@0.11.2 wants grunt@>=0.4.0
137 error peerinvalid Peer grunt-contrib-watch@0.6.1 wants grunt@~0.4.0
137 error peerinvalid Peer grunt-zip-directories@0.1.3 wants grunt@~0.4.2
137 error peerinvalid Peer grunt-contrib-jshint@1.0.0 wants grunt@>=0.4.0
138 verbose exit [ 1, true ]
